<?xml version="1.0" encoding="UTF-8"?>
<testsuite name="com.hp.demo.server.login.LoginComponentTest" time="10.466" tests="8" errors="0" skipped="0" failures="0">
  <properties>
[...]
</properties>
  <testcase name="testNullPerformance" classname="com.hp.demo.server.login.LoginComponentTest" time="0"/>
  <testcase name="testFoundListener" classname="com.hp.demo.server.login.LoginComponentTest" time="0"/>
  <testcase name="testFoundPlatform" classname="com.hp.demo.server.login.LoginComponentTest" time="0"/>
  <testcase name="testDispatchCamera" classname="com.hp.demo.server.login.LoginComponentTest" time="10.465"/>
  <testcase name="testNullModule" classname="com.hp.demo.server.login.LoginComponentTest" time="0"/>
  <testcase name="testRegistrationCallback" classname="com.hp.demo.server.login.LoginComponentTest" time="0"/>
  <testcase name="testResetNegative" classname="com.hp.demo.server.login.LoginComponentTest" time="0.001"/>
  <testcase name="testFoundContact" classname="com.hp.demo.server.login.LoginComponentTest" time="0"/>
</testsuite>